2D/NewRPG/Mobile_RPG/Temp/gradleOut/unityLibrary/build/intermediates/manifest_merge_blame_file/release/manifest-merger-blame-release-report.txt
1<?xml version="1.0" encoding="utf-8"?>
2<!-- GENERATED BY UNITY. REMOVE THIS COMMENT TO PREVENT OVERWRITING WHEN EXPORTING AGAIN -->
3<manifest xmlns:android="http://schemas.android.com/apk/res/android"
4    xmlns:tools="http://schemas.android.com/tools"
5    package="com.unity3d.player"
6    android:versionCode="1"
7    android:versionName="1.0" >
8
9    <uses-sdk
10        android:minSdkVersion="19"
10-->src\main\AndroidManifest.xml
11        android:targetSdkVersion="30" />
11-->src\main\AndroidManifest.xml
12
13    <uses-feature android:glEsVersion="0x00030000" />
13-->src\main\AndroidManifest.xml:19:3-52
13-->src\main\AndroidManifest.xml:19:17-49
14    <uses-feature
14-->src\main\AndroidManifest.xml:20:3-91
15        android:name="android.hardware.vulkan.version"
15-->src\main\AndroidManifest.xml:20:17-63
16        android:required="false" />
16-->src\main\AndroidManifest.xml:20:64-88
17    <uses-feature
17-->src\main\AndroidManifest.xml:21:3-88
18        android:name="android.hardware.touchscreen"
18-->src\main\AndroidManifest.xml:21:17-60
19        android:required="false" />
19-->src\main\AndroidManifest.xml:21:61-85
20    <uses-feature
20-->src\main\AndroidManifest.xml:22:3-99
21        android:name="android.hardware.touchscreen.multitouch"
21-->src\main\AndroidManifest.xml:22:17-71
22        android:required="false" />
22-->src\main\AndroidManifest.xml:22:72-96
23    <uses-feature
23-->src\main\AndroidManifest.xml:23:3-108
24        android:name="android.hardware.touchscreen.multitouch.distinct"
24-->src\main\AndroidManifest.xml:23:17-80
25        android:required="false" />
25-->src\main\AndroidManifest.xml:23:81-105
26
27    <application>
27-->src\main\AndroidManifest.xml:4:3-18:17
28        <activity
28-->src\main\AndroidManifest.xml:5:5-12:16
29            android:name="com.unity3d.player.UnityPlayerActivity"
29-->src\main\AndroidManifest.xml:5:15-68
30            android:configChanges="mcc|mnc|locale|touchscreen|keyboard|keyboardHidden|navigation|orientation|screenLayout|uiMode|screenSize|smallestScreenSize|fontScale|layoutDirection|density"
30-->src\main\AndroidManifest.xml:5:180-361
31            android:hardwareAccelerated="false"
31-->src\main\AndroidManifest.xml:5:397-432
32            android:launchMode="singleTask"
32-->src\main\AndroidManifest.xml:5:148-179
33            android:resizeableActivity="false"
33-->src\main\AndroidManifest.xml:5:362-396
34            android:screenOrientation="portrait"
34-->src\main\AndroidManifest.xml:5:111-147
35            android:theme="@style/UnityThemeSelector" >
35-->src\main\AndroidManifest.xml:5:69-110
36            <intent-filter>
36-->src\main\AndroidManifest.xml:6:7-9:23
37                <action android:name="android.intent.action.MAIN" />
37-->src\main\AndroidManifest.xml:7:9-61
37-->src\main\AndroidManifest.xml:7:17-58
38
39                <category android:name="android.intent.category.LAUNCHER" />
39-->src\main\AndroidManifest.xml:8:9-69
39-->src\main\AndroidManifest.xml:8:19-66
40            </intent-filter>
41
42            <meta-data
42-->src\main\AndroidManifest.xml:10:7-82
43                android:name="unityplayer.UnityActivity"
43-->src\main\AndroidManifest.xml:10:18-58
44                android:value="true" />
44-->src\main\AndroidManifest.xml:10:59-79
45            <meta-data
45-->src\main\AndroidManifest.xml:11:7-78
46                android:name="android.notch_support"
46-->src\main\AndroidManifest.xml:11:18-54
47                android:value="true" />
47-->src\main\AndroidManifest.xml:11:55-75
48        </activity>
49
50        <meta-data
50-->src\main\AndroidManifest.xml:13:5-69
51            android:name="unity.splash-mode"
51-->src\main\AndroidManifest.xml:13:16-48
52            android:value="0" />
52-->src\main\AndroidManifest.xml:13:49-66
53        <meta-data
53-->src\main\AndroidManifest.xml:14:5-74
54            android:name="unity.splash-enable"
54-->src\main\AndroidManifest.xml:14:16-50
55            android:value="True" />
55-->src\main\AndroidManifest.xml:14:51-71
56        <meta-data
56-->src\main\AndroidManifest.xml:15:5-84
57            android:name="unity.allow-resizable-window"
57-->src\main\AndroidManifest.xml:15:16-59
58            android:value="False" />
58-->src\main\AndroidManifest.xml:15:60-81
59        <meta-data
59-->src\main\AndroidManifest.xml:16:5-81
60            android:name="notch.config"
60-->src\main\AndroidManifest.xml:16:16-43
61            android:value="portrait|landscape" />
61-->src\main\AndroidManifest.xml:16:44-78
62        <meta-data
62-->src\main\AndroidManifest.xml:17:5-101
63            android:name="unity.build-id"
63-->src\main\AndroidManifest.xml:17:16-45
64            android:value="1539e6ed-9d75-4495-9c4e-69d68c3af980" />
64-->src\main\AndroidManifest.xml:17:46-98
65    </application>
66
67</manifest>